Audit Success	4/17/2026 12:20:00 AM	Microsoft-Windows-Security-Auditing	4798	User Account Management	"A user's local group membership was enumerated.

Subject:
	Security ID:		SYSTEM
	Account Name:		ROBERTS_LAPTOP$
	Account Domain:		WORKGROUP
	Logon ID:		0x3E7

User:
	Security ID:		ROBERTS_LAPTOP\bradf
	Account Name:		bradf
	Account Domain:		Roberts_Laptop

Process Information:
	Process ID:		0x2db0
	Process Name:		C:\Windows\System32\svchost.exe"
Audit Success	4/17/2026 12:20:00 AM	Microsoft-Windows-Security-Auditing	4798	User Account Management	"A user's local group membership was enumerated.

Subject:
	Security ID:		SYSTEM
	Account Name:		ROBERTS_LAPTOP$
	Account Domain:		WORKGROUP
	Logon ID:		0x3E7

User:
	Security ID:		Roberts_Laptop\Administrator
	Account Name:		Administrator
	Account Domain:		Roberts_Laptop

Process Information:
	Process ID:		0x2db0
	Process Name:		C:\Windows\System32\svchost.exe"
Audit Success	4/17/2026 12:20:00 AM	Microsoft-Windows-Security-Auditing	4798	User Account Management	"A user's local group membership was enumerated.

Subject:
	Security ID:		SYSTEM
	Account Name:		ROBERTS_LAPTOP$
	Account Domain:		WORKGROUP
	Logon ID:		0x3E7

User:
	Security ID:		ROBERTS_LAPTOP\bradf
	Account Name:		bradf
	Account Domain:		Roberts_Laptop

Process Information:
	Process ID:		0x2db0
	Process Name:		C:\Windows\System32\svchost.exe"
Audit Success	4/17/2026 12:20:00 AM	Microsoft-Windows-Security-Auditing	4798	User Account Management	"A user's local group membership was enumerated.

Subject:
	Security ID:		SYSTEM
	Account Name:		ROBERTS_LAPTOP$
	Account Domain:		WORKGROUP
	Logon ID:		0x3E7

User:
	Security ID:		Roberts_Laptop\Administrator
	Account Name:		Administrator
	Account Domain:		Roberts_Laptop

Process Information:
	Process ID:		0x2db0
	Process Name:		C:\Windows\System32\svchost.exe"
Audit Success	4/17/2026 12:18:38 AM	Microsoft-Windows-Security-Auditing	4798	User Account Management	"A user's local group membership was enumerated.

Subject:
	Security ID:		SYSTEM
	Account Name:		ROBERTS_LAPTOP$
	Account Domain:		WORKGROUP
	Logon ID:		0x3E7

User:
	Security ID:		ROBERTS_LAPTOP\bradf
	Account Name:		bradf
	Account Domain:		Roberts_Laptop

Process Information:
	Process ID:		0x2db0
	Process Name:		C:\Windows\System32\svchost.exe"
Audit Success	4/17/2026 12:18:38 AM	Microsoft-Windows-Security-Auditing	4798	User Account Management	"A user's local group membership was enumerated.

Subject:
	Security ID:		SYSTEM
	Account Name:		ROBERTS_LAPTOP$
	Account Domain:		WORKGROUP
	Logon ID:		0x3E7

User:
	Security ID:		Roberts_Laptop\Administrator
	Account Name:		Administrator
	Account Domain:		Roberts_Laptop

Process Information:
	Process ID:		0x2db0
	Process Name:		C:\Windows\System32\svchost.exe"
Audit Success	4/17/2026 12:18:38 AM	Microsoft-Windows-Security-Auditing	4798	User Account Management	"A user's local group membership was enumerated.

Subject:
	Security ID:		SYSTEM
	Account Name:		ROBERTS_LAPTOP$
	Account Domain:		WORKGROUP
	Logon ID:		0x3E7

User:
	Security ID:		ROBERTS_LAPTOP\bradf
	Account Name:		bradf
	Account Domain:		Roberts_Laptop

Process Information:
	Process ID:		0x2db0
	Process Name:		C:\Windows\System32\svchost.exe"
Audit Success	4/17/2026 12:18:38 AM	Microsoft-Windows-Security-Auditing	4798	User Account Management	"A user's local group membership was enumerated.

Subject:
	Security ID:		SYSTEM
	Account Name:		ROBERTS_LAPTOP$
	Account Domain:		WORKGROUP
	Logon ID:		0x3E7

User:
	Security ID:		Roberts_Laptop\Administrator
	Account Name:		Administrator
	Account Domain:		Roberts_Laptop

Process Information:
	Process ID:		0x2db0
	Process Name:		C:\Windows\System32\svchost.exe"
Audit Success	4/17/2026 12:18:37 AM	Microsoft-Windows-Security-Auditing	4672	Special Logon	"Special privileges assigned to new logon.

Subject:
	Security ID:		NT VIRTUAL MACHINE\FD0F3ADC-FBF9-59D8-9A01-8530FE4CD2CC
	Account Name:		FD0F3ADC-FBF9-59D8-9A01-8530FE4CD2CC
	Account Domain:		NT VIRTUAL MACHINE
	Logon ID:		0xC4A7737

Privileges:		SeImpersonatePrivilege"
Audit Success	4/17/2026 12:18:37 AM	Microsoft-Windows-Security-Auditing	4624	Logon	"An account was successfully logged on.

Subject:
	Security ID:		SYSTEM
	Account Name:		ROBERTS_LAPTOP$
	Account Domain:		WORKGROUP
	Logon ID:		0x3E7

Logon Information:
	Logon Type:		5
	Restricted Admin Mode:	-
	Remote Credential Guard:	-
	Virtual Account:		Yes
	Elevated Token:		Yes

Impersonation Level:		Impersonation

New Logon:
	Security ID:		NT VIRTUAL MACHINE\FD0F3ADC-FBF9-59D8-9A01-8530FE4CD2CC
	Account Name:		FD0F3ADC-FBF9-59D8-9A01-8530FE4CD2CC
	Account Domain:		NT VIRTUAL MACHINE
	Logon ID:		0xC4A7737
	Linked Logon ID:		0x0
	Network Account Name:	-
	Network Account Domain:	-
	Logon GUID:		{00000000-0000-0000-0000-000000000000}

Process Information:
	Process ID:		0x362c
	Process Name:		C:\Windows\System32\vmcompute.exe

Network Information:
	Workstation Name:	-
	Source Network Address:	-
	Source Port:		-

Detailed Authentication Information:
	Logon Process:		Advapi  
	Authentication Package:	Negotiate
	Transited Services:	-
	Package Name (NTLM only):	-
	Key Length:		0

This event is generated when a logon session is created. It is generated on the computer that was accessed.

The subject fields indicate the account on the local system which requested the logon. This is most commonly a service such as the Server service, or a local process such as Winlogon.exe or Services.exe.

The logon type field indicates the kind of logon that occurred. The most common types are 2 (interactive) and 3 (network).

The New Logon fields indicate the account for whom the new logon was created, i.e. the account that was logged on.

The network fields indicate where a remote logon request originated. Workstation name is not always available and may be left blank in some cases.

The impersonation level field indicates the extent to which a process in the logon session can impersonate.

The authentication information fields provide detailed information about this specific logon request.
	- Logon GUID is a unique identifier that can be used to correlate this event with a KDC event.
	- Transited services indicate which intermediate services have participated in this logon request.
	- Package name indicates which sub-protocol was used among the NTLM protocols.
	- Key length indicates the length of the generated session key. This will be 0 if no session key was requested."
Audit Success	4/17/2026 12:18:37 AM	Microsoft-Windows-Security-Auditing	4648	Logon	"A logon was attempted using explicit credentials.

Subject:
	Security ID:		SYSTEM
	Account Name:		ROBERTS_LAPTOP$
	Account Domain:		WORKGROUP
	Logon ID:		0x3E7
	Logon GUID:		{00000000-0000-0000-0000-000000000000}

Account Whose Credentials Were Used:
	Account Name:		FD0F3ADC-FBF9-59D8-9A01-8530FE4CD2CC
	Account Domain:		NT VIRTUAL MACHINE
	Logon GUID:		{00000000-0000-0000-0000-000000000000}

Target Server:
	Target Server Name:	localhost
	Additional Information:	localhost

Process Information:
	Process ID:		0x362c
	Process Name:		C:\Windows\System32\vmcompute.exe

Network Information:
	Network Address:	-
	Port:			-

This event is generated when a process attempts to log on an account by explicitly specifying that account’s credentials.  This most commonly occurs in batch-type configurations such as scheduled tasks, or when using the RUNAS command."
Audit Success	4/17/2026 12:18:36 AM	Microsoft-Windows-Security-Auditing	5379	User Account Management	"Credential Manager credentials were read.

Subject:
	Security ID:		ROBERTS_LAPTOP\bradf
	Account Name:		bradf
	Account Domain:		ROBERTS_LAPTOP
	Logon ID:		0x3E341
	Read Operation:		Enumerate Credentials

This event occurs when a user performs a read operation on stored credentials in Credential Manager."
Audit Success	4/17/2026 12:18:36 AM	Microsoft-Windows-Security-Auditing	5379	User Account Management	"Credential Manager credentials were read.

Subject:
	Security ID:		ROBERTS_LAPTOP\bradf
	Account Name:		bradf
	Account Domain:		ROBERTS_LAPTOP
	Logon ID:		0x3E341
	Read Operation:		Enumerate Credentials

This event occurs when a user performs a read operation on stored credentials in Credential Manager."
Audit Success	4/17/2026 12:18:36 AM	Microsoft-Windows-Security-Auditing	5379	User Account Management	"Credential Manager credentials were read.

Subject:
	Security ID:		ROBERTS_LAPTOP\bradf
	Account Name:		bradf
	Account Domain:		ROBERTS_LAPTOP
	Logon ID:		0x3E341
	Read Operation:		Enumerate Credentials

This event occurs when a user performs a read operation on stored credentials in Credential Manager."
Audit Success	4/17/2026 12:18:36 AM	Microsoft-Windows-Security-Auditing	5379	User Account Management	"Credential Manager credentials were read.

Subject:
	Security ID:		ROBERTS_LAPTOP\bradf
	Account Name:		bradf
	Account Domain:		ROBERTS_LAPTOP
	Logon ID:		0x3E341
	Read Operation:		Enumerate Credentials

This event occurs when a user performs a read operation on stored credentials in Credential Manager."
Audit Success	4/17/2026 12:18:36 AM	Microsoft-Windows-Security-Auditing	5379	User Account Management	"Credential Manager credentials were read.

Subject:
	Security ID:		ROBERTS_LAPTOP\bradf
	Account Name:		bradf
	Account Domain:		ROBERTS_LAPTOP
	Logon ID:		0x3E341
	Read Operation:		Enumerate Credentials

This event occurs when a user performs a read operation on stored credentials in Credential Manager."
Audit Success	4/17/2026 12:18:36 AM	Microsoft-Windows-Security-Auditing	5379	User Account Management	"Credential Manager credentials were read.

Subject:
	Security ID:		ROBERTS_LAPTOP\bradf
	Account Name:		bradf
	Account Domain:		ROBERTS_LAPTOP
	Logon ID:		0x3E341
	Read Operation:		Enumerate Credentials

This event occurs when a user performs a read operation on stored credentials in Credential Manager."
Audit Success	4/17/2026 12:18:36 AM	Microsoft-Windows-Security-Auditing	5379	User Account Management	"Credential Manager credentials were read.

Subject:
	Security ID:		ROBERTS_LAPTOP\bradf
	Account Name:		bradf
	Account Domain:		ROBERTS_LAPTOP
	Logon ID:		0x3E341
	Read Operation:		Enumerate Credentials

This event occurs when a user performs a read operation on stored credentials in Credential Manager."
Audit Success	4/17/2026 12:18:36 AM	Microsoft-Windows-Security-Auditing	5379	User Account Management	"Credential Manager credentials were read.

Subject:
	Security ID:		ROBERTS_LAPTOP\bradf
	Account Name:		bradf
	Account Domain:		ROBERTS_LAPTOP
	Logon ID:		0x3E341
	Read Operation:		Enumerate Credentials

This event occurs when a user performs a read operation on stored credentials in Credential Manager."
Audit Success	4/17/2026 12:18:36 AM	Microsoft-Windows-Security-Auditing	5379	User Account Management	"Credential Manager credentials were read.

Subject:
	Security ID:		ROBERTS_LAPTOP\bradf
	Account Name:		bradf
	Account Domain:		ROBERTS_LAPTOP
	Logon ID:		0x3E341
	Read Operation:		Enumerate Credentials

This event occurs when a user performs a read operation on stored credentials in Credential Manager."
Audit Success	4/17/2026 12:18:36 AM	Microsoft-Windows-Security-Auditing	5379	User Account Management	"Credential Manager credentials were read.

Subject:
	Security ID:		ROBERTS_LAPTOP\bradf
	Account Name:		bradf
	Account Domain:		ROBERTS_LAPTOP
	Logon ID:		0x3E341
	Read Operation:		Enumerate Credentials

This event occurs when a user performs a read operation on stored credentials in Credential Manager."
Audit Success	4/17/2026 12:18:36 AM	Microsoft-Windows-Security-Auditing	5379	User Account Management	"Credential Manager credentials were read.

Subject:
	Security ID:		ROBERTS_LAPTOP\bradf
	Account Name:		bradf
	Account Domain:		ROBERTS_LAPTOP
	Logon ID:		0x3E341
	Read Operation:		Enumerate Credentials

This event occurs when a user performs a read operation on stored credentials in Credential Manager."
Audit Success	4/17/2026 12:18:36 AM	Microsoft-Windows-Security-Auditing	5379	User Account Management	"Credential Manager credentials were read.

Subject:
	Security ID:		ROBERTS_LAPTOP\bradf
	Account Name:		bradf
	Account Domain:		ROBERTS_LAPTOP
	Logon ID:		0x3E341
	Read Operation:		Enumerate Credentials

This event occurs when a user performs a read operation on stored credentials in Credential Manager."
Audit Success	4/17/2026 12:18:36 AM	Microsoft-Windows-Security-Auditing	5379	User Account Management	"Credential Manager credentials were read.

Subject:
	Security ID:		ROBERTS_LAPTOP\bradf
	Account Name:		bradf
	Account Domain:		ROBERTS_LAPTOP
	Logon ID:		0x3E341
	Read Operation:		Enumerate Credentials

This event occurs when a user performs a read operation on stored credentials in Credential Manager."
Audit Success	4/17/2026 12:18:36 AM	Microsoft-Windows-Security-Auditing	5379	User Account Management	"Credential Manager credentials were read.

Subject:
	Security ID:		ROBERTS_LAPTOP\bradf
	Account Name:		bradf
	Account Domain:		ROBERTS_LAPTOP
	Logon ID:		0x3E341
	Read Operation:		Enumerate Credentials

This event occurs when a user performs a read operation on stored credentials in Credential Manager."
Audit Success	4/17/2026 12:18:36 AM	Microsoft-Windows-Security-Auditing	5379	User Account Management	"Credential Manager credentials were read.

Subject:
	Security ID:		ROBERTS_LAPTOP\bradf
	Account Name:		bradf
	Account Domain:		ROBERTS_LAPTOP
	Logon ID:		0x3E341
	Read Operation:		Enumerate Credentials

This event occurs when a user performs a read operation on stored credentials in Credential Manager."
Audit Success	4/17/2026 12:18:36 AM	Microsoft-Windows-Security-Auditing	5379	User Account Management	"Credential Manager credentials were read.

Subject:
	Security ID:		ROBERTS_LAPTOP\bradf
	Account Name:		bradf
	Account Domain:		ROBERTS_LAPTOP
	Logon ID:		0x3E341
	Read Operation:		Enumerate Credentials

This event occurs when a user performs a read operation on stored credentials in Credential Manager."
Audit Success	4/17/2026 12:18:36 AM	Microsoft-Windows-Security-Auditing	5379	User Account Management	"Credential Manager credentials were read.

Subject:
	Security ID:		ROBERTS_LAPTOP\bradf
	Account Name:		bradf
	Account Domain:		ROBERTS_LAPTOP
	Logon ID:		0x3E341
	Read Operation:		Enumerate Credentials

This event occurs when a user performs a read operation on stored credentials in Credential Manager."
Audit Success	4/17/2026 12:18:36 AM	Microsoft-Windows-Security-Auditing	5379	User Account Management	"Credential Manager credentials were read.

Subject:
	Security ID:		ROBERTS_LAPTOP\bradf
	Account Name:		bradf
	Account Domain:		ROBERTS_LAPTOP
	Logon ID:		0x3E341
	Read Operation:		Enumerate Credentials

This event occurs when a user performs a read operation on stored credentials in Credential Manager."
Audit Success	4/17/2026 12:18:36 AM	Microsoft-Windows-Security-Auditing	5379	User Account Management	"Credential Manager credentials were read.

Subject:
	Security ID:		ROBERTS_LAPTOP\bradf
	Account Name:		bradf
	Account Domain:		ROBERTS_LAPTOP
	Logon ID:		0x3E341
	Read Operation:		Enumerate Credentials

This event occurs when a user performs a read operation on stored credentials in Credential Manager."
Audit Success	4/17/2026 12:18:36 AM	Microsoft-Windows-Security-Auditing	5379	User Account Management	"Credential Manager credentials were read.

Subject:
	Security ID:		ROBERTS_LAPTOP\bradf
	Account Name:		bradf
	Account Domain:		ROBERTS_LAPTOP
	Logon ID:		0x3E341
	Read Operation:		Enumerate Credentials

This event occurs when a user performs a read operation on stored credentials in Credential Manager."
Audit Success	4/17/2026 12:18:36 AM	Microsoft-Windows-Security-Auditing	5379	User Account Management	"Credential Manager credentials were read.

Subject:
	Security ID:		ROBERTS_LAPTOP\bradf
	Account Name:		bradf
	Account Domain:		ROBERTS_LAPTOP
	Logon ID:		0x3E341
	Read Operation:		Enumerate Credentials

This event occurs when a user performs a read operation on stored credentials in Credential Manager."
Audit Success	4/17/2026 12:18:36 AM	Microsoft-Windows-Security-Auditing	5379	User Account Management	"Credential Manager credentials were read.

Subject:
	Security ID:		ROBERTS_LAPTOP\bradf
	Account Name:		bradf
	Account Domain:		ROBERTS_LAPTOP
	Logon ID:		0x3E341
	Read Operation:		Enumerate Credentials

This event occurs when a user performs a read operation on stored credentials in Credential Manager."
Audit Success	4/17/2026 12:18:36 AM	Microsoft-Windows-Security-Auditing	5379	User Account Management	"Credential Manager credentials were read.

Subject:
	Security ID:		ROBERTS_LAPTOP\bradf
	Account Name:		bradf
	Account Domain:		ROBERTS_LAPTOP
	Logon ID:		0x3E341
	Read Operation:		Enumerate Credentials

This event occurs when a user performs a read operation on stored credentials in Credential Manager."
Audit Success	4/17/2026 12:18:36 AM	Microsoft-Windows-Security-Auditing	5379	User Account Management	"Credential Manager credentials were read.

Subject:
	Security ID:		ROBERTS_LAPTOP\bradf
	Account Name:		bradf
	Account Domain:		ROBERTS_LAPTOP
	Logon ID:		0x3E341
	Read Operation:		Enumerate Credentials

This event occurs when a user performs a read operation on stored credentials in Credential Manager."
Audit Success	4/17/2026 12:18:36 AM	Microsoft-Windows-Security-Auditing	5379	User Account Management	"Credential Manager credentials were read.

Subject:
	Security ID:		ROBERTS_LAPTOP\bradf
	Account Name:		bradf
	Account Domain:		ROBERTS_LAPTOP
	Logon ID:		0x3E341
	Read Operation:		Enumerate Credentials

This event occurs when a user performs a read operation on stored credentials in Credential Manager."
Audit Success	4/17/2026 12:18:36 AM	Microsoft-Windows-Security-Auditing	5379	User Account Management	"Credential Manager credentials were read.

Subject:
	Security ID:		ROBERTS_LAPTOP\bradf
	Account Name:		bradf
	Account Domain:		ROBERTS_LAPTOP
	Logon ID:		0x3E341
	Read Operation:		Enumerate Credentials

This event occurs when a user performs a read operation on stored credentials in Credential Manager."
Audit Success	4/17/2026 12:18:36 AM	Microsoft-Windows-Security-Auditing	5379	User Account Management	"Credential Manager credentials were read.

Subject:
	Security ID:		ROBERTS_LAPTOP\bradf
	Account Name:		bradf
	Account Domain:		ROBERTS_LAPTOP
	Logon ID:		0x3E341
	Read Operation:		Enumerate Credentials

This event occurs when a user performs a read operation on stored credentials in Credential Manager."
Audit Success	4/17/2026 12:18:36 AM	Microsoft-Windows-Security-Auditing	5379	User Account Management	"Credential Manager credentials were read.

Subject:
	Security ID:		ROBERTS_LAPTOP\bradf
	Account Name:		bradf
	Account Domain:		ROBERTS_LAPTOP
	Logon ID:		0x3E341
	Read Operation:		Enumerate Credentials

This event occurs when a user performs a read operation on stored credentials in Credential Manager."
Audit Success	4/17/2026 12:18:36 AM	Microsoft-Windows-Security-Auditing	5379	User Account Management	"Credential Manager credentials were read.

Subject:
	Security ID:		ROBERTS_LAPTOP\bradf
	Account Name:		bradf
	Account Domain:		ROBERTS_LAPTOP
	Logon ID:		0x3E341
	Read Operation:		Enumerate Credentials

This event occurs when a user performs a read operation on stored credentials in Credential Manager."
Audit Success	4/17/2026 12:18:36 AM	Microsoft-Windows-Security-Auditing	5379	User Account Management	"Credential Manager credentials were read.

Subject:
	Security ID:		ROBERTS_LAPTOP\bradf
	Account Name:		bradf
	Account Domain:		ROBERTS_LAPTOP
	Logon ID:		0x3E341
	Read Operation:		Enumerate Credentials

This event occurs when a user performs a read operation on stored credentials in Credential Manager."
Audit Success	4/17/2026 12:18:36 AM	Microsoft-Windows-Security-Auditing	5379	User Account Management	"Credential Manager credentials were read.

Subject:
	Security ID:		ROBERTS_LAPTOP\bradf
	Account Name:		bradf
	Account Domain:		ROBERTS_LAPTOP
	Logon ID:		0x3E341
	Read Operation:		Enumerate Credentials

This event occurs when a user performs a read operation on stored credentials in Credential Manager."
Audit Success	4/17/2026 12:18:36 AM	Microsoft-Windows-Security-Auditing	5379	User Account Management	"Credential Manager credentials were read.

Subject:
	Security ID:		ROBERTS_LAPTOP\bradf
	Account Name:		bradf
	Account Domain:		ROBERTS_LAPTOP
	Logon ID:		0x3E341
	Read Operation:		Enumerate Credentials

This event occurs when a user performs a read operation on stored credentials in Credential Manager."
Audit Success	4/17/2026 12:18:36 AM	Microsoft-Windows-Security-Auditing	5379	User Account Management	"Credential Manager credentials were read.

Subject:
	Security ID:		ROBERTS_LAPTOP\bradf
	Account Name:		bradf
	Account Domain:		ROBERTS_LAPTOP
	Logon ID:		0x3E341
	Read Operation:		Enumerate Credentials

This event occurs when a user performs a read operation on stored credentials in Credential Manager."
Audit Success	4/17/2026 12:18:36 AM	Microsoft-Windows-Security-Auditing	5379	User Account Management	"Credential Manager credentials were read.

Subject:
	Security ID:		ROBERTS_LAPTOP\bradf
	Account Name:		bradf
	Account Domain:		ROBERTS_LAPTOP
	Logon ID:		0x3E341
	Read Operation:		Enumerate Credentials

This event occurs when a user performs a read operation on stored credentials in Credential Manager."
Audit Success	4/17/2026 12:18:36 AM	Microsoft-Windows-Security-Auditing	5379	User Account Management	"Credential Manager credentials were read.

Subject:
	Security ID:		ROBERTS_LAPTOP\bradf
	Account Name:		bradf
	Account Domain:		ROBERTS_LAPTOP
	Logon ID:		0x3E341
	Read Operation:		Enumerate Credentials

This event occurs when a user performs a read operation on stored credentials in Credential Manager."
Audit Success	4/17/2026 12:18:36 AM	Microsoft-Windows-Security-Auditing	5379	User Account Management	"Credential Manager credentials were read.

Subject:
	Security ID:		ROBERTS_LAPTOP\bradf
	Account Name:		bradf
	Account Domain:		ROBERTS_LAPTOP
	Logon ID:		0x3E341
	Read Operation:		Enumerate Credentials

This event occurs when a user performs a read operation on stored credentials in Credential Manager."
Audit Success	4/17/2026 12:18:36 AM	Microsoft-Windows-Security-Auditing	5379	User Account Management	"Credential Manager credentials were read.

Subject:
	Security ID:		ROBERTS_LAPTOP\bradf
	Account Name:		bradf
	Account Domain:		ROBERTS_LAPTOP
	Logon ID:		0x3E341
	Read Operation:		Enumerate Credentials

This event occurs when a user performs a read operation on stored credentials in Credential Manager."
Audit Success	4/17/2026 12:18:36 AM	Microsoft-Windows-Security-Auditing	5379	User Account Management	"Credential Manager credentials were read.

Subject:
	Security ID:		ROBERTS_LAPTOP\bradf
	Account Name:		bradf
	Account Domain:		ROBERTS_LAPTOP
	Logon ID:		0x3E341
	Read Operation:		Enumerate Credentials

This event occurs when a user performs a read operation on stored credentials in Credential Manager."
Audit Success	4/17/2026 12:18:36 AM	Microsoft-Windows-Security-Auditing	5379	User Account Management	"Credential Manager credentials were read.

Subject:
	Security ID:		ROBERTS_LAPTOP\bradf
	Account Name:		bradf
	Account Domain:		ROBERTS_LAPTOP
	Logon ID:		0x3E341
	Read Operation:		Enumerate Credentials

This event occurs when a user performs a read operation on stored credentials in Credential Manager."
Audit Success	4/17/2026 12:18:36 AM	Microsoft-Windows-Security-Auditing	5379	User Account Management	"Credential Manager credentials were read.

Subject:
	Security ID:		ROBERTS_LAPTOP\bradf
	Account Name:		bradf
	Account Domain:		ROBERTS_LAPTOP
	Logon ID:		0x3E341
	Read Operation:		Enumerate Credentials

This event occurs when a user performs a read operation on stored credentials in Credential Manager."
Audit Success	4/17/2026 12:18:36 AM	Microsoft-Windows-Security-Auditing	5379	User Account Management	"Credential Manager credentials were read.

Subject:
	Security ID:		ROBERTS_LAPTOP\bradf
	Account Name:		bradf
	Account Domain:		ROBERTS_LAPTOP
	Logon ID:		0x3E341
	Read Operation:		Enumerate Credentials

This event occurs when a user performs a read operation on stored credentials in Credential Manager."
Audit Success	4/17/2026 12:18:36 AM	Microsoft-Windows-Security-Auditing	5379	User Account Management	"Credential Manager credentials were read.

Subject:
	Security ID:		ROBERTS_LAPTOP\bradf
	Account Name:		bradf
	Account Domain:		ROBERTS_LAPTOP
	Logon ID:		0x3E341
	Read Operation:		Enumerate Credentials

This event occurs when a user performs a read operation on stored credentials in Credential Manager."
Audit Success	4/17/2026 12:18:36 AM	Microsoft-Windows-Security-Auditing	5379	User Account Management	"Credential Manager credentials were read.

Subject:
	Security ID:		ROBERTS_LAPTOP\bradf
	Account Name:		bradf
	Account Domain:		ROBERTS_LAPTOP
	Logon ID:		0x3E341
	Read Operation:		Read Credential

This event occurs when a user performs a read operation on stored credentials in Credential Manager."
Audit Success	4/17/2026 12:18:36 AM	Microsoft-Windows-Security-Auditing	5379	User Account Management	"Credential Manager credentials were read.

Subject:
	Security ID:		ROBERTS_LAPTOP\bradf
	Account Name:		bradf
	Account Domain:		ROBERTS_LAPTOP
	Logon ID:		0x3E341
	Read Operation:		Enumerate Credentials

This event occurs when a user performs a read operation on stored credentials in Credential Manager."
Audit Success	4/17/2026 12:18:36 AM	Microsoft-Windows-Security-Auditing	5379	User Account Management	"Credential Manager credentials were read.

Subject:
	Security ID:		ROBERTS_LAPTOP\bradf
	Account Name:		bradf
	Account Domain:		ROBERTS_LAPTOP
	Logon ID:		0x3E341
	Read Operation:		Enumerate Credentials

This event occurs when a user performs a read operation on stored credentials in Credential Manager."
Audit Success	4/17/2026 12:18:36 AM	Microsoft-Windows-Security-Auditing	5379	User Account Management	"Credential Manager credentials were read.

Subject:
	Security ID:		ROBERTS_LAPTOP\bradf
	Account Name:		bradf
	Account Domain:		ROBERTS_LAPTOP
	Logon ID:		0x3E341
	Read Operation:		Enumerate Credentials

This event occurs when a user performs a read operation on stored credentials in Credential Manager."
Audit Success	4/17/2026 12:18:36 AM	Microsoft-Windows-Security-Auditing	5379	User Account Management	"Credential Manager credentials were read.

Subject:
	Security ID:		ROBERTS_LAPTOP\bradf
	Account Name:		bradf
	Account Domain:		ROBERTS_LAPTOP
	Logon ID:		0x3E341
	Read Operation:		Enumerate Credentials

This event occurs when a user performs a read operation on stored credentials in Credential Manager."
Audit Success	4/17/2026 12:18:36 AM	Microsoft-Windows-Security-Auditing	5379	User Account Management	"Credential Manager credentials were read.

Subject:
	Security ID:		ROBERTS_LAPTOP\bradf
	Account Name:		bradf
	Account Domain:		ROBERTS_LAPTOP
	Logon ID:		0x3E341
	Read Operation:		Enumerate Credentials

This event occurs when a user performs a read operation on stored credentials in Credential Manager."
Audit Success	4/17/2026 12:18:36 AM	Microsoft-Windows-Security-Auditing	5379	User Account Management	"Credential Manager credentials were read.

Subject:
	Security ID:		ROBERTS_LAPTOP\bradf
	Account Name:		bradf
	Account Domain:		ROBERTS_LAPTOP
	Logon ID:		0x3E341
	Read Operation:		Enumerate Credentials

This event occurs when a user performs a read operation on stored credentials in Credential Manager."
Audit Success	4/17/2026 12:18:36 AM	Microsoft-Windows-Security-Auditing	5379	User Account Management	"Credential Manager credentials were read.

Subject:
	Security ID:		ROBERTS_LAPTOP\bradf
	Account Name:		bradf
	Account Domain:		ROBERTS_LAPTOP
	Logon ID:		0x3E341
	Read Operation:		Enumerate Credentials

This event occurs when a user performs a read operation on stored credentials in Credential Manager."
Audit Success	4/17/2026 12:18:36 AM	Microsoft-Windows-Security-Auditing	5379	User Account Management	"Credential Manager credentials were read.

Subject:
	Security ID:		ROBERTS_LAPTOP\bradf
	Account Name:		bradf
	Account Domain:		ROBERTS_LAPTOP
	Logon ID:		0x3E341
	Read Operation:		Enumerate Credentials

This event occurs when a user performs a read operation on stored credentials in Credential Manager."
Audit Success	4/17/2026 12:18:36 AM	Microsoft-Windows-Security-Auditing	5379	User Account Management	"Credential Manager credentials were read.

Subject:
	Security ID:		ROBERTS_LAPTOP\bradf
	Account Name:		bradf
	Account Domain:		ROBERTS_LAPTOP
	Logon ID:		0x3E341
	Read Operation:		Enumerate Credentials

This event occurs when a user performs a read operation on stored credentials in Credential Manager."
Audit Success	4/17/2026 12:18:36 AM	Microsoft-Windows-Security-Auditing	5379	User Account Management	"Credential Manager credentials were read.

Subject:
	Security ID:		ROBERTS_LAPTOP\bradf
	Account Name:		bradf
	Account Domain:		ROBERTS_LAPTOP
	Logon ID:		0x3E341
	Read Operation:		Enumerate Credentials

This event occurs when a user performs a read operation on stored credentials in Credential Manager."
Audit Success	4/17/2026 12:18:36 AM	Microsoft-Windows-Security-Auditing	5379	User Account Management	"Credential Manager credentials were read.

Subject:
	Security ID:		ROBERTS_LAPTOP\bradf
	Account Name:		bradf
	Account Domain:		ROBERTS_LAPTOP
	Logon ID:		0x3E341
	Read Operation:		Enumerate Credentials

This event occurs when a user performs a read operation on stored credentials in Credential Manager."
Audit Success	4/17/2026 12:18:36 AM	Microsoft-Windows-Security-Auditing	5379	User Account Management	"Credential Manager credentials were read.

Subject:
	Security ID:		ROBERTS_LAPTOP\bradf
	Account Name:		bradf
	Account Domain:		ROBERTS_LAPTOP
	Logon ID:		0x3E341
	Read Operation:		Enumerate Credentials

This event occurs when a user performs a read operation on stored credentials in Credential Manager."
Audit Success	4/17/2026 12:18:36 AM	Microsoft-Windows-Security-Auditing	5379	User Account Management	"Credential Manager credentials were read.

Subject:
	Security ID:		ROBERTS_LAPTOP\bradf
	Account Name:		bradf
	Account Domain:		ROBERTS_LAPTOP
	Logon ID:		0x3E341
	Read Operation:		Enumerate Credentials

This event occurs when a user performs a read operation on stored credentials in Credential Manager."
Audit Success	4/17/2026 12:18:36 AM	Microsoft-Windows-Security-Auditing	5379	User Account Management	"Credential Manager credentials were read.

Subject:
	Security ID:		ROBERTS_LAPTOP\bradf
	Account Name:		bradf
	Account Domain:		ROBERTS_LAPTOP
	Logon ID:		0x3E341
	Read Operation:		Enumerate Credentials

This event occurs when a user performs a read operation on stored credentials in Credential Manager."
Audit Success	4/17/2026 12:18:36 AM	Microsoft-Windows-Security-Auditing	5379	User Account Management	"Credential Manager credentials were read.

Subject:
	Security ID:		ROBERTS_LAPTOP\bradf
	Account Name:		bradf
	Account Domain:		ROBERTS_LAPTOP
	Logon ID:		0x3E341
	Read Operation:		Enumerate Credentials

This event occurs when a user performs a read operation on stored credentials in Credential Manager."
Audit Success	4/17/2026 12:18:36 AM	Microsoft-Windows-Security-Auditing	5379	User Account Management	"Credential Manager credentials were read.

Subject:
	Security ID:		ROBERTS_LAPTOP\bradf
	Account Name:		bradf
	Account Domain:		ROBERTS_LAPTOP
	Logon ID:		0x3E341
	Read Operation:		Enumerate Credentials

This event occurs when a user performs a read operation on stored credentials in Credential Manager."
Audit Success	4/17/2026 12:18:36 AM	Microsoft-Windows-Security-Auditing	5379	User Account Management	"Credential Manager credentials were read.

Subject:
	Security ID:		ROBERTS_LAPTOP\bradf
	Account Name:		bradf
	Account Domain:		ROBERTS_LAPTOP
	Logon ID:		0x3E341
	Read Operation:		Enumerate Credentials

This event occurs when a user performs a read operation on stored credentials in Credential Manager."
Audit Success	4/17/2026 12:18:36 AM	Microsoft-Windows-Security-Auditing	5379	User Account Management	"Credential Manager credentials were read.

Subject:
	Security ID:		ROBERTS_LAPTOP\bradf
	Account Name:		bradf
	Account Domain:		ROBERTS_LAPTOP
	Logon ID:		0x3E341
	Read Operation:		Enumerate Credentials

This event occurs when a user performs a read operation on stored credentials in Credential Manager."
Audit Success	4/17/2026 12:18:36 AM	Microsoft-Windows-Security-Auditing	5379	User Account Management	"Credential Manager credentials were read.

Subject:
	Security ID:		ROBERTS_LAPTOP\bradf
	Account Name:		bradf
	Account Domain:		ROBERTS_LAPTOP
	Logon ID:		0x3E341
	Read Operation:		Enumerate Credentials

This event occurs when a user performs a read operation on stored credentials in Credential Manager."
Audit Success	4/17/2026 12:18:36 AM	Microsoft-Windows-Security-Auditing	5379	User Account Management	"Credential Manager credentials were read.

Subject:
	Security ID:		ROBERTS_LAPTOP\bradf
	Account Name:		bradf
	Account Domain:		ROBERTS_LAPTOP
	Logon ID:		0x3E341
	Read Operation:		Enumerate Credentials

This event occurs when a user performs a read operation on stored credentials in Credential Manager."
Audit Success	4/17/2026 12:18:01 AM	Microsoft-Windows-Security-Auditing	4798	User Account Management	"A user's local group membership was enumerated.

Subject:
	Security ID:		SYSTEM
	Account Name:		ROBERTS_LAPTOP$
	Account Domain:		WORKGROUP
	Logon ID:		0x3E7

User:
	Security ID:		ROBERTS_LAPTOP\bradf
	Account Name:		bradf
	Account Domain:		Roberts_Laptop

Process Information:
	Process ID:		0x2db0
	Process Name:		C:\Windows\System32\svchost.exe"
Audit Success	4/17/2026 12:18:01 AM	Microsoft-Windows-Security-Auditing	4798	User Account Management	"A user's local group membership was enumerated.

Subject:
	Security ID:		SYSTEM
	Account Name:		ROBERTS_LAPTOP$
	Account Domain:		WORKGROUP
	Logon ID:		0x3E7

User:
	Security ID:		Roberts_Laptop\Administrator
	Account Name:		Administrator
	Account Domain:		Roberts_Laptop

Process Information:
	Process ID:		0x2db0
	Process Name:		C:\Windows\System32\svchost.exe"
Audit Success	4/17/2026 12:18:01 AM	Microsoft-Windows-Security-Auditing	4798	User Account Management	"A user's local group membership was enumerated.

Subject:
	Security ID:		SYSTEM
	Account Name:		ROBERTS_LAPTOP$
	Account Domain:		WORKGROUP
	Logon ID:		0x3E7

User:
	Security ID:		ROBERTS_LAPTOP\bradf
	Account Name:		bradf
	Account Domain:		Roberts_Laptop

Process Information:
	Process ID:		0x2db0
	Process Name:		C:\Windows\System32\svchost.exe"
Audit Success	4/17/2026 12:18:01 AM	Microsoft-Windows-Security-Auditing	4798	User Account Management	"A user's local group membership was enumerated.

Subject:
	Security ID:		SYSTEM
	Account Name:		ROBERTS_LAPTOP$
	Account Domain:		WORKGROUP
	Logon ID:		0x3E7

User:
	Security ID:		Roberts_Laptop\Administrator
	Account Name:		Administrator
	Account Domain:		Roberts_Laptop

Process Information:
	Process ID:		0x2db0
	Process Name:		C:\Windows\System32\svchost.exe"
Audit Success	4/17/2026 12:17:54 AM	Microsoft-Windows-Security-Auditing	4798	User Account Management	"A user's local group membership was enumerated.

Subject:
	Security ID:		SYSTEM
	Account Name:		ROBERTS_LAPTOP$
	Account Domain:		WORKGROUP
	Logon ID:		0x3E7

User:
	Security ID:		ROBERTS_LAPTOP\bradf
	Account Name:		bradf
	Account Domain:		Roberts_Laptop

Process Information:
	Process ID:		0x2db0
	Process Name:		C:\Windows\System32\svchost.exe"
Audit Success	4/17/2026 12:17:54 AM	Microsoft-Windows-Security-Auditing	4798	User Account Management	"A user's local group membership was enumerated.

Subject:
	Security ID:		SYSTEM
	Account Name:		ROBERTS_LAPTOP$
	Account Domain:		WORKGROUP
	Logon ID:		0x3E7

User:
	Security ID:		Roberts_Laptop\Administrator
	Account Name:		Administrator
	Account Domain:		Roberts_Laptop

Process Information:
	Process ID:		0x2db0
	Process Name:		C:\Windows\System32\svchost.exe"
Audit Success	4/17/2026 12:17:54 AM	Microsoft-Windows-Security-Auditing	4798	User Account Management	"A user's local group membership was enumerated.

Subject:
	Security ID:		SYSTEM
	Account Name:		ROBERTS_LAPTOP$
	Account Domain:		WORKGROUP
	Logon ID:		0x3E7

User:
	Security ID:		ROBERTS_LAPTOP\bradf
	Account Name:		bradf
	Account Domain:		Roberts_Laptop

Process Information:
	Process ID:		0x2db0
	Process Name:		C:\Windows\System32\svchost.exe"
Audit Success	4/17/2026 12:17:54 AM	Microsoft-Windows-Security-Auditing	4798	User Account Management	"A user's local group membership was enumerated.

Subject:
	Security ID:		SYSTEM
	Account Name:		ROBERTS_LAPTOP$
	Account Domain:		WORKGROUP
	Logon ID:		0x3E7

User:
	Security ID:		Roberts_Laptop\Administrator
	Account Name:		Administrator
	Account Domain:		Roberts_Laptop

Process Information:
	Process ID:		0x2db0
	Process Name:		C:\Windows\System32\svchost.exe"
Audit Success	4/17/2026 12:17:34 AM	Microsoft-Windows-Security-Auditing	4798	User Account Management	"A user's local group membership was enumerated.

Subject:
	Security ID:		SYSTEM
	Account Name:		ROBERTS_LAPTOP$
	Account Domain:		WORKGROUP
	Logon ID:		0x3E7

User:
	Security ID:		ROBERTS_LAPTOP\bradf
	Account Name:		bradf
	Account Domain:		Roberts_Laptop

Process Information:
	Process ID:		0x2db0
	Process Name:		C:\Windows\System32\svchost.exe"
Audit Success	4/17/2026 12:17:34 AM	Microsoft-Windows-Security-Auditing	4798	User Account Management	"A user's local group membership was enumerated.

Subject:
	Security ID:		SYSTEM
	Account Name:		ROBERTS_LAPTOP$
	Account Domain:		WORKGROUP
	Logon ID:		0x3E7

User:
	Security ID:		Roberts_Laptop\Administrator
	Account Name:		Administrator
	Account Domain:		Roberts_Laptop

Process Information:
	Process ID:		0x2db0
	Process Name:		C:\Windows\System32\svchost.exe"
Audit Success	4/17/2026 12:17:34 AM	Microsoft-Windows-Security-Auditing	4798	User Account Management	"A user's local group membership was enumerated.

Subject:
	Security ID:		SYSTEM
	Account Name:		ROBERTS_LAPTOP$
	Account Domain:		WORKGROUP
	Logon ID:		0x3E7

User:
	Security ID:		ROBERTS_LAPTOP\bradf
	Account Name:		bradf
	Account Domain:		Roberts_Laptop

Process Information:
	Process ID:		0x2db0
	Process Name:		C:\Windows\System32\svchost.exe"
Audit Success	4/17/2026 12:17:34 AM	Microsoft-Windows-Security-Auditing	4798	User Account Management	"A user's local group membership was enumerated.

Subject:
	Security ID:		SYSTEM
	Account Name:		ROBERTS_LAPTOP$
	Account Domain:		WORKGROUP
	Logon ID:		0x3E7

User:
	Security ID:		Roberts_Laptop\Administrator
	Account Name:		Administrator
	Account Domain:		Roberts_Laptop

Process Information:
	Process ID:		0x2db0
	Process Name:		C:\Windows\System32\svchost.exe"
Audit Success	4/17/2026 12:16:56 AM	Microsoft-Windows-Security-Auditing	4798	User Account Management	"A user's local group membership was enumerated.

Subject:
	Security ID:		SYSTEM
	Account Name:		ROBERTS_LAPTOP$
	Account Domain:		WORKGROUP
	Logon ID:		0x3E7

User:
	Security ID:		ROBERTS_LAPTOP\bradf
	Account Name:		bradf
	Account Domain:		Roberts_Laptop

Process Information:
	Process ID:		0x2db0
	Process Name:		C:\Windows\System32\svchost.exe"
Audit Success	4/17/2026 12:16:56 AM	Microsoft-Windows-Security-Auditing	4798	User Account Management	"A user's local group membership was enumerated.

Subject:
	Security ID:		SYSTEM
	Account Name:		ROBERTS_LAPTOP$
	Account Domain:		WORKGROUP
	Logon ID:		0x3E7

User:
	Security ID:		Roberts_Laptop\Administrator
	Account Name:		Administrator
	Account Domain:		Roberts_Laptop

Process Information:
	Process ID:		0x2db0
	Process Name:		C:\Windows\System32\svchost.exe"
Audit Success	4/17/2026 12:16:56 AM	Microsoft-Windows-Security-Auditing	4798	User Account Management	"A user's local group membership was enumerated.

Subject:
	Security ID:		SYSTEM
	Account Name:		ROBERTS_LAPTOP$
	Account Domain:		WORKGROUP
	Logon ID:		0x3E7

User:
	Security ID:		ROBERTS_LAPTOP\bradf
	Account Name:		bradf
	Account Domain:		Roberts_Laptop

Process Information:
	Process ID:		0x2db0
	Process Name:		C:\Windows\System32\svchost.exe"
Audit Success	4/17/2026 12:16:56 AM	Microsoft-Windows-Security-Auditing	4798	User Account Management	"A user's local group membership was enumerated.

Subject:
	Security ID:		SYSTEM
	Account Name:		ROBERTS_LAPTOP$
	Account Domain:		WORKGROUP
	Logon ID:		0x3E7

User:
	Security ID:		Roberts_Laptop\Administrator
	Account Name:		Administrator
	Account Domain:		Roberts_Laptop

Process Information:
	Process ID:		0x2db0
	Process Name:		C:\Windows\System32\svchost.exe"
Audit Success	4/17/2026 12:16:25 AM	Microsoft-Windows-Security-Auditing	4798	User Account Management	"A user's local group membership was enumerated.

Subject:
	Security ID:		SYSTEM
	Account Name:		ROBERTS_LAPTOP$
	Account Domain:		WORKGROUP
	Logon ID:		0x3E7

User:
	Security ID:		ROBERTS_LAPTOP\bradf
	Account Name:		bradf
	Account Domain:		Roberts_Laptop

Process Information:
	Process ID:		0x2db0
	Process Name:		C:\Windows\System32\svchost.exe"
Audit Success	4/17/2026 12:16:25 AM	Microsoft-Windows-Security-Auditing	4798	User Account Management	"A user's local group membership was enumerated.

Subject:
	Security ID:		SYSTEM
	Account Name:		ROBERTS_LAPTOP$
	Account Domain:		WORKGROUP
	Logon ID:		0x3E7

User:
	Security ID:		Roberts_Laptop\Administrator
	Account Name:		Administrator
	Account Domain:		Roberts_Laptop

Process Information:
	Process ID:		0x2db0
	Process Name:		C:\Windows\System32\svchost.exe"
Audit Success	4/17/2026 12:16:25 AM	Microsoft-Windows-Security-Auditing	4798	User Account Management	"A user's local group membership was enumerated.

Subject:
	Security ID:		SYSTEM
	Account Name:		ROBERTS_LAPTOP$
	Account Domain:		WORKGROUP
	Logon ID:		0x3E7

User:
	Security ID:		ROBERTS_LAPTOP\bradf
	Account Name:		bradf
	Account Domain:		Roberts_Laptop

Process Information:
	Process ID:		0x2db0
	Process Name:		C:\Windows\System32\svchost.exe"
Audit Success	4/17/2026 12:16:25 AM	Microsoft-Windows-Security-Auditing	4798	User Account Management	"A user's local group membership was enumerated.

Subject:
	Security ID:		SYSTEM
	Account Name:		ROBERTS_LAPTOP$
	Account Domain:		WORKGROUP
	Logon ID:		0x3E7

User:
	Security ID:		Roberts_Laptop\Administrator
	Account Name:		Administrator
	Account Domain:		Roberts_Laptop

Process Information:
	Process ID:		0x2db0
	Process Name:		C:\Windows\System32\svchost.exe"
Audit Success	4/17/2026 12:16:22 AM	Microsoft-Windows-Security-Auditing	5379	User Account Management	"Credential Manager credentials were read.

Subject:
	Security ID:		ROBERTS_LAPTOP\bradf
	Account Name:		bradf
	Account Domain:		ROBERTS_LAPTOP
	Logon ID:		0x3E341
	Read Operation:		Enumerate Credentials

This event occurs when a user performs a read operation on stored credentials in Credential Manager."
Audit Success	4/17/2026 12:16:22 AM	Microsoft-Windows-Security-Auditing	5379	User Account Management	"Credential Manager credentials were read.

Subject:
	Security ID:		ROBERTS_LAPTOP\bradf
	Account Name:		bradf
	Account Domain:		ROBERTS_LAPTOP
	Logon ID:		0x3E341
	Read Operation:		Enumerate Credentials

This event occurs when a user performs a read operation on stored credentials in Credential Manager."
Audit Success	4/17/2026 12:16:22 AM	Microsoft-Windows-Security-Auditing	5379	User Account Management	"Credential Manager credentials were read.

Subject:
	Security ID:		ROBERTS_LAPTOP\bradf
	Account Name:		bradf
	Account Domain:		ROBERTS_LAPTOP
	Logon ID:		0x3E341
	Read Operation:		Enumerate Credentials

This event occurs when a user performs a read operation on stored credentials in Credential Manager."
Audit Success	4/17/2026 12:16:22 AM	Microsoft-Windows-Security-Auditing	5379	User Account Management	"Credential Manager credentials were read.

Subject:
	Security ID:		ROBERTS_LAPTOP\bradf
	Account Name:		bradf
	Account Domain:		ROBERTS_LAPTOP
	Logon ID:		0x3E341
	Read Operation:		Enumerate Credentials

This event occurs when a user performs a read operation on stored credentials in Credential Manager."
Audit Success	4/17/2026 12:16:22 AM	Microsoft-Windows-Security-Auditing	5379	User Account Management	"Credential Manager credentials were read.

Subject:
	Security ID:		ROBERTS_LAPTOP\bradf
	Account Name:		bradf
	Account Domain:		ROBERTS_LAPTOP
	Logon ID:		0x3E341
	Read Operation:		Enumerate Credentials

This event occurs when a user performs a read operation on stored credentials in Credential Manager."
Audit Success	4/17/2026 12:16:22 AM	Microsoft-Windows-Security-Auditing	5379	User Account Management	"Credential Manager credentials were read.

Subject:
	Security ID:		ROBERTS_LAPTOP\bradf
	Account Name:		bradf
	Account Domain:		ROBERTS_LAPTOP
	Logon ID:		0x3E341
	Read Operation:		Enumerate Credentials

This event occurs when a user performs a read operation on stored credentials in Credential Manager."
Audit Success	4/17/2026 12:16:22 AM	Microsoft-Windows-Security-Auditing	5379	User Account Management	"Credential Manager credentials were read.

Subject:
	Security ID:		ROBERTS_LAPTOP\bradf
	Account Name:		bradf
	Account Domain:		ROBERTS_LAPTOP
	Logon ID:		0x3E341
	Read Operation:		Enumerate Credentials

This event occurs when a user performs a read operation on stored credentials in Credential Manager."
Audit Success	4/17/2026 12:16:22 AM	Microsoft-Windows-Security-Auditing	5379	User Account Management	"Credential Manager credentials were read.

Subject:
	Security ID:		ROBERTS_LAPTOP\bradf
	Account Name:		bradf
	Account Domain:		ROBERTS_LAPTOP
	Logon ID:		0x3E341
	Read Operation:		Enumerate Credentials

This event occurs when a user performs a read operation on stored credentials in Credential Manager."
Audit Success	4/17/2026 12:16:22 AM	Microsoft-Windows-Security-Auditing	5379	User Account Management	"Credential Manager credentials were read.

Subject:
	Security ID:		ROBERTS_LAPTOP\bradf
	Account Name:		bradf
	Account Domain:		ROBERTS_LAPTOP
	Logon ID:		0x3E341
	Read Operation:		Enumerate Credentials

This event occurs when a user performs a read operation on stored credentials in Credential Manager."
Audit Success	4/17/2026 12:16:22 AM	Microsoft-Windows-Security-Auditing	5379	User Account Management	"Credential Manager credentials were read.

Subject:
	Security ID:		ROBERTS_LAPTOP\bradf
	Account Name:		bradf
	Account Domain:		ROBERTS_LAPTOP
	Logon ID:		0x3E341
	Read Operation:		Enumerate Credentials

This event occurs when a user performs a read operation on stored credentials in Credential Manager."
Audit Success	4/17/2026 12:16:22 AM	Microsoft-Windows-Security-Auditing	5379	User Account Management	"Credential Manager credentials were read.

Subject:
	Security ID:		ROBERTS_LAPTOP\bradf
	Account Name:		bradf
	Account Domain:		ROBERTS_LAPTOP
	Logon ID:		0x3E341
	Read Operation:		Enumerate Credentials

This event occurs when a user performs a read operation on stored credentials in Credential Manager."
Audit Success	4/17/2026 12:16:22 AM	Microsoft-Windows-Security-Auditing	5379	User Account Management	"Credential Manager credentials were read.

Subject:
	Security ID:		ROBERTS_LAPTOP\bradf
	Account Name:		bradf
	Account Domain:		ROBERTS_LAPTOP
	Logon ID:		0x3E341
	Read Operation:		Enumerate Credentials

This event occurs when a user performs a read operation on stored credentials in Credential Manager."
Audit Success	4/17/2026 12:16:22 AM	Microsoft-Windows-Security-Auditing	5379	User Account Management	"Credential Manager credentials were read.

Subject:
	Security ID:		ROBERTS_LAPTOP\bradf
	Account Name:		bradf
	Account Domain:		ROBERTS_LAPTOP
	Logon ID:		0x3E341
	Read Operation:		Enumerate Credentials

This event occurs when a user performs a read operation on stored credentials in Credential Manager."
Audit Success	4/17/2026 12:16:22 AM	Microsoft-Windows-Security-Auditing	5379	User Account Management	"Credential Manager credentials were read.

Subject:
	Security ID:		ROBERTS_LAPTOP\bradf
	Account Name:		bradf
	Account Domain:		ROBERTS_LAPTOP
	Logon ID:		0x3E341
	Read Operation:		Enumerate Credentials

This event occurs when a user performs a read operation on stored credentials in Credential Manager."
Audit Success	4/17/2026 12:16:22 AM	Microsoft-Windows-Security-Auditing	5379	User Account Management	"Credential Manager credentials were read.

Subject:
	Security ID:		ROBERTS_LAPTOP\bradf
	Account Name:		bradf
	Account Domain:		ROBERTS_LAPTOP
	Logon ID:		0x3E341
	Read Operation:		Enumerate Credentials

This event occurs when a user performs a read operation on stored credentials in Credential Manager."
Audit Success	4/17/2026 12:16:22 AM	Microsoft-Windows-Security-Auditing	5379	User Account Management	"Credential Manager credentials were read.

Subject:
	Security ID:		ROBERTS_LAPTOP\bradf
	Account Name:		bradf
	Account Domain:		ROBERTS_LAPTOP
	Logon ID:		0x3E341
	Read Operation:		Enumerate Credentials

This event occurs when a user performs a read operation on stored credentials in Credential Manager."
Audit Success	4/17/2026 12:16:22 AM	Microsoft-Windows-Security-Auditing	5379	User Account Management	"Credential Manager credentials were read.

Subject:
	Security ID:		ROBERTS_LAPTOP\bradf
	Account Name:		bradf
	Account Domain:		ROBERTS_LAPTOP
	Logon ID:		0x3E341
	Read Operation:		Enumerate Credentials

This event occurs when a user performs a read operation on stored credentials in Credential Manager."
Audit Success	4/17/2026 12:16:22 AM	Microsoft-Windows-Security-Auditing	5379	User Account Management	"Credential Manager credentials were read.

Subject:
	Security ID:		ROBERTS_LAPTOP\bradf
	Account Name:		bradf
	Account Domain:		ROBERTS_LAPTOP
	Logon ID:		0x3E341
	Read Operation:		Enumerate Credentials

This event occurs when a user performs a read operation on stored credentials in Credential Manager."
Audit Success	4/17/2026 12:16:22 AM	Microsoft-Windows-Security-Auditing	5379	User Account Management	"Credential Manager credentials were read.

Subject:
	Security ID:		ROBERTS_LAPTOP\bradf
	Account Name:		bradf
	Account Domain:		ROBERTS_LAPTOP
	Logon ID:		0x3E341
	Read Operation:		Enumerate Credentials

This event occurs when a user performs a read operation on stored credentials in Credential Manager."
